<?xml version="1.0" encoding="UTF-8"?>
<testsuite xmlns:xsi="http://www.w3.org/2001/XMLSchema-instance" xsi:noNamespaceSchemaLocation="https://maven.apache.org/surefire/maven-surefire-plugin/xsd/surefire-test-report-3.0.xsd" version="3.0" name="com.esfera.camunda.delegates.NotificarClientePontosInvalidosTest" time="1.003" tests="6" errors="0" skipped="0" failures="0">
  <properties>
    <property name="java.specification.version" value="21"/>
    <property name="sun.jnu.encoding" value="UTF-8"/>
    <property name="java.class.path" value="/Users/marcelo/eclipse-workspace/workflow/target/test-classes:/Users/marcelo/eclipse-workspace/workflow/target/classes:/Users/marcelo/.m2/repository/org/camunda/bpm/springboot/camunda-bpm-spring-boot-starter-rest/7.23.0/camunda-bpm-spring-boot-starter-rest-7.23.0.jar:/Users/marcelo/.m2/repository/org/camunda/bpm/springboot/camunda-bpm-spring-boot-starter/7.23.0/camunda-bpm-spring-boot-starter-7.23.0.jar:/Users/marcelo/.m2/repository/org/camunda/bpm/camunda-engine-spring-6/7.23.0/camunda-engine-spring-6-7.23.0.jar:/Users/marcelo/.m2/repository/org/camunda/bpm/camunda-engine/7.23.0/camunda-engine-7.23.0.jar:/Users/marcelo/.m2/repository/org/camunda/bpm/model/camunda-bpmn-model/7.23.0/camunda-bpmn-model-7.23.0.jar:/Users/marcelo/.m2/repository/org/camunda/bpm/model/camunda-xml-model/7.23.0/camunda-xml-model-7.23.0.jar:/Users/marcelo/.m2/repository/org/camunda/bpm/model/camunda-cmmn-model/7.23.0/camunda-cmmn-model-7.23.0.jar:/Users/marcelo/.m2/repository/org/camunda/bpm/juel/camunda-juel/7.23.0/camunda-juel-7.23.0.jar:/Users/marcelo/.m2/repository/org/camunda/bpm/dmn/camunda-engine-dmn/7.23.0/camunda-engine-dmn-7.23.0.jar:/Users/marcelo/.m2/repository/org/camunda/bpm/model/camunda-dmn-model/7.23.0/camunda-dmn-model-7.23.0.jar:/Users/marcelo/.m2/repository/org/camunda/bpm/dmn/camunda-engine-feel-api/7.23.0/camunda-engine-feel-api-7.23.0.jar:/Users/marcelo/.m2/repository/org/camunda/bpm/dmn/camunda-engine-feel-juel/7.23.0/camunda-engine-feel-juel-7.23.0.jar:/Users/marcelo/.m2/repository/org/camunda/bpm/dmn/camunda-engine-feel-scala/7.23.0/camunda-engine-feel-scala-7.23.0.jar:/Users/marcelo/.m2/repository/org/camunda/feel/feel-engine/1.19.1/feel-engine-1.19.1-scala-shaded.jar:/Users/marcelo/.m2/repository/org/camunda/commons/camunda-commons-typed-values/7.23.0/camunda-commons-typed-values-7.23.0.jar:/Users/marcelo/.m2/repository/org/mybatis/mybatis/3.5.15/mybatis-3.5.15.jar:/Users/marcelo/.m2/repository/joda-time/joda-time/2.12.5/joda-time-2.12.5.jar:/Users/marcelo/.m2/repository/org/springframework/spring-context/6.2.5/spring-context-6.2.5.jar:/Users/marcelo/.m2/repository/org/springframework/spring-aop/6.2.5/spring-aop-6.2.5.jar:/Users/marcelo/.m2/repository/org/springframework/spring-expression/6.2.5/spring-expression-6.2.5.jar:/Users/marcelo/.m2/repository/io/micrometer/micrometer-observation/1.14.5/micrometer-observation-1.14.5.jar:/Users/marcelo/.m2/repository/io/micrometer/micrometer-commons/1.14.5/micrometer-commons-1.14.5.jar:/Users/marcelo/.m2/repository/org/springframework/spring-tx/6.2.5/spring-tx-6.2.5.jar:/Users/marcelo/.m2/repository/org/springframework/spring-orm/6.2.5/spring-orm-6.2.5.jar:/Users/marcelo/.m2/repository/org/springframework/boot/spring-boot-autoconfigure/3.4.4/spring-boot-autoconfigure-3.4.4.jar:/Users/marcelo/.m2/repository/org/apache/commons/commons-lang3/3.17.0/commons-lang3-3.17.0.jar:/Users/marcelo/.m2/repository/com/fasterxml/uuid/java-uuid-generator/4.3.0/java-uuid-generator-4.3.0.jar:/Users/marcelo/.m2/repository/com/sun/xml/bind/jaxb-impl/4.0.5/jaxb-impl-4.0.5.jar:/Users/marcelo/.m2/repository/com/sun/xml/bind/jaxb-core/4.0.5/jaxb-core-4.0.5.jar:/Users/marcelo/.m2/repository/org/eclipse/angus/angus-activation/2.0.2/angus-activation-2.0.2.jar:/Users/marcelo/.m2/repository/org/camunda/bpm/camunda-engine-rest-core-jakarta/7.23.0/camunda-engine-rest-core-jakarta-7.23.0.jar:/Users/marcelo/.m2/repository/commons-fileupload/commons-fileupload/1.5/commons-fileupload-1.5.jar:/Users/marcelo/.m2/repository/commons-io/commons-io/2.17.0/commons-io-2.17.0.jar:/Users/marcelo/.m2/repository/com/fasterxml/jackson/jakarta/rs/jackson-jakarta-rs-json-provider/2.18.3/jackson-jakarta-rs-json-provider-2.18.3.jar:/Users/marcelo/.m2/repository/com/fasterxml/jackson/jakarta/rs/jackson-jakarta-rs-base/2.18.3/jackson-jakarta-rs-base-2.18.3.jar:/Users/marcelo/.m2/repository/com/fasterxml/jackson/module/jackson-module-jakarta-xmlbind-annotations/2.18.3/jackson-module-jakarta-xmlbind-annotations-2.18.3.jar:/Users/marcelo/.m2/repository/com/fasterxml/jackson/core/jackson-databind/2.18.3/jackson-databind-2.18.3.jar:/Users/marcelo/.m2/repository/com/fasterxml/jackson/core/jackson-annotations/2.18.3/jackson-annotations-2.18.3.jar:/Users/marcelo/.m2/repository/com/fasterxml/jackson/core/jackson-core/2.18.3/jackson-core-2.18.3.jar:/Users/marcelo/.m2/repository/com/fasterxml/jackson/datatype/jackson-datatype-jsr310/2.18.3/jackson-datatype-jsr310-2.18.3.jar:/Users/marcelo/.m2/repository/org/springframework/boot/spring-boot-starter-jersey/3.4.4/spring-boot-starter-jersey-3.4.4.jar:/Users/marcelo/.m2/repository/org/springframework/boot/spring-boot-starter-json/3.4.4/spring-boot-starter-json-3.4.4.jar:/Users/marcelo/.m2/repository/com/fasterxml/jackson/datatype/jackson-datatype-jdk8/2.18.3/jackson-datatype-jdk8-2.18.3.jar:/Users/marcelo/.m2/repository/com/fasterxml/jackson/module/jackson-module-parameter-names/2.18.3/jackson-module-parameter-names-2.18.3.jar:/Users/marcelo/.m2/repository/org/springframework/boot/spring-boot-starter-tomcat/3.4.4/spring-boot-starter-tomcat-3.4.4.jar:/Users/marcelo/.m2/repository/org/apache/tomcat/embed/tomcat-embed-core/10.1.39/tomcat-embed-core-10.1.39.jar:/Users/marcelo/.m2/repository/org/apache/tomcat/embed/tomcat-embed-el/10.1.39/tomcat-embed-el-10.1.39.jar:/Users/marcelo/.m2/repository/org/apache/tomcat/embed/tomcat-embed-websocket/10.1.39/tomcat-embed-websocket-10.1.39.jar:/Users/marcelo/.m2/repository/org/springframework/boot/spring-boot-starter-validation/3.4.4/spring-boot-starter-validation-3.4.4.jar:/Users/marcelo/.m2/repository/org/hibernate/validator/hibernate-validator/8.0.2.Final/hibernate-validator-8.0.2.Final.jar:/Users/marcelo/.m2/repository/com/fasterxml/classmate/1.7.0/classmate-1.7.0.jar:/Users/marcelo/.m2/repository/org/springframework/spring-web/6.2.5/spring-web-6.2.5.jar:/Users/marcelo/.m2/repository/org/glassfish/jersey/containers/jersey-container-servlet-core/3.1.10/jersey-container-servlet-core-3.1.10.jar:/Users/marcelo/.m2/repository/jakarta/inject/jakarta.inject-api/2.0.1/jakarta.inject-api-2.0.1.jar:/Users/marcelo/.m2/repository/org/glassfish/jersey/core/jersey-common/3.1.10/jersey-common-3.1.10.jar:/Users/marcelo/.m2/repository/org/glassfish/hk2/osgi-resource-locator/1.0.3/osgi-resource-locator-1.0.3.jar:/Users/marcelo/.m2/repository/jakarta/ws/rs/jakarta.ws.rs-api/3.1.0/jakarta.ws.rs-api-3.1.0.jar:/Users/marcelo/.m2/repository/org/glassfish/jersey/containers/jersey-container-servlet/3.1.10/jersey-container-servlet-3.1.10.jar:/Users/marcelo/.m2/repository/org/glassfish/jersey/core/jersey-server/3.1.10/jersey-server-3.1.10.jar:/Users/marcelo/.m2/repository/org/glassfish/jersey/core/jersey-client/3.1.10/jersey-client-3.1.10.jar:/Users/marcelo/.m2/repository/jakarta/validation/jakarta.validation-api/3.0.2/jakarta.validation-api-3.0.2.jar:/Users/marcelo/.m2/repository/org/glassfish/jersey/ext/jersey-bean-validation/3.1.10/jersey-bean-validation-3.1.10.jar:/Users/marcelo/.m2/repository/org/jboss/logging/jboss-logging/3.6.1.Final/jboss-logging-3.6.1.Final.jar:/Users/marcelo/.m2/repository/org/glassfish/expressly/expressly/5.0.0/expressly-5.0.0.jar:/Users/marcelo/.m2/repository/org/glassfish/jersey/ext/jersey-spring6/3.1.10/jersey-spring6-3.1.10.jar:/Users/marcelo/.m2/repository/org/glassfish/jersey/inject/jersey-hk2/3.1.10/jersey-hk2-3.1.10.jar:/Users/marcelo/.m2/repository/org/glassfish/hk2/hk2-locator/3.0.6/hk2-locator-3.0.6.jar:/Users/marcelo/.m2/repository/org/glassfish/hk2/external/aopalliance-repackaged/3.0.6/aopalliance-repackaged-3.0.6.jar:/Users/marcelo/.m2/repository/org/javassist/javassist/3.30.2-GA/javassist-3.30.2-GA.jar:/Users/marcelo/.m2/repository/org/glassfish/hk2/hk2/3.0.6/hk2-3.0.6.jar:/Users/marcelo/.m2/repository/org/glassfish/hk2/hk2-utils/3.0.6/hk2-utils-3.0.6.jar:/Users/marcelo/.m2/repository/org/glassfish/hk2/hk2-api/3.0.6/hk2-api-3.0.6.jar:/Users/marcelo/.m2/repository/org/glassfish/hk2/hk2-core/3.0.6/hk2-core-3.0.6.jar:/Users/marcelo/.m2/repository/org/glassfish/hk2/hk2-runlevel/3.0.6/hk2-runlevel-3.0.6.jar:/Users/marcelo/.m2/repository/org/glassfish/hk2/class-model/3.0.6/class-model-3.0.6.jar:/Users/marcelo/.m2/repository/org/ow2/asm/asm-commons/9.6/asm-commons-9.6.jar:/Users/marcelo/.m2/repository/org/glassfish/hk2/spring-bridge/3.0.6/spring-bridge-3.0.6.jar:/Users/marcelo/.m2/repository/org/glassfish/jersey/media/jersey-media-json-jackson/3.1.10/jersey-media-json-jackson-3.1.10.jar:/Users/marcelo/.m2/repository/org/glassfish/jersey/ext/jersey-entity-filtering/3.1.10/jersey-entity-filtering-3.1.10.jar:/Users/marcelo/.m2/repository/org/camunda/bpm/springboot/camunda-bpm-spring-boot-starter-webapp/7.23.0/camunda-bpm-spring-boot-starter-webapp-7.23.0.jar:/Users/marcelo/.m2/repository/org/camunda/bpm/springboot/camunda-bpm-spring-boot-starter-webapp-core/7.23.0/camunda-bpm-spring-boot-starter-webapp-core-7.23.0.jar:/Users/marcelo/.m2/repository/org/camunda/bpm/webapp/camunda-webapp-jakarta/7.23.0/camunda-webapp-jakarta-7.23.0-classes.jar:/Users/marcelo/.m2/repository/org/springframework/boot/spring-boot-starter-web/3.4.4/spring-boot-starter-web-3.4.4.jar:/Users/marcelo/.m2/repository/org/springframework/spring-webmvc/6.2.5/spring-webmvc-6.2.5.jar:/Users/marcelo/.m2/repository/org/camunda/bpm/webapp/camunda-webapp-webjar/7.23.0/camunda-webapp-webjar-7.23.0.jar:/Users/marcelo/.m2/repository/org/camunda/bpm/camunda-engine-plugin-spin/7.23.0/camunda-engine-plugin-spin-7.23.0.jar:/Users/marcelo/.m2/repository/org/camunda/spin/camunda-spin-core/7.23.0/camunda-spin-core-7.23.0.jar:/Users/marcelo/.m2/repository/org/camunda/spin/camunda-spin-dataformat-all/7.23.0/camunda-spin-dataformat-all-7.23.0.jar:/Users/marcelo/.m2/repository/org/camunda/commons/camunda-commons-logging/7.23.0/camunda-commons-logging-7.23.0.jar:/Users/marcelo/.m2/repository/org/slf4j/slf4j-api/2.0.17/slf4j-api-2.0.17.jar:/Users/marcelo/.m2/repository/org/camunda/commons/camunda-commons-utils/7.23.0/camunda-commons-utils-7.23.0.jar:/Users/marcelo/.m2/repository/com/h2database/h2/2.3.232/h2-2.3.232.jar:/Users/marcelo/.m2/repository/org/springframework/boot/spring-boot-starter-jdbc/3.4.4/spring-boot-starter-jdbc-3.4.4.jar:/Users/marcelo/.m2/repository/org/springframework/boot/spring-boot-starter/3.4.4/spring-boot-starter-3.4.4.jar:/Users/marcelo/.m2/repository/org/springframework/boot/spring-boot/3.4.4/spring-boot-3.4.4.jar:/Users/marcelo/.m2/repository/org/springframework/boot/spring-boot-starter-logging/3.4.4/spring-boot-starter-logging-3.4.4.jar:/Users/marcelo/.m2/repository/ch/qos/logback/logback-classic/1.5.18/logback-classic-1.5.18.jar:/Users/marcelo/.m2/repository/ch/qos/logback/logback-core/1.5.18/logback-core-1.5.18.jar:/Users/marcelo/.m2/repository/org/apache/logging/log4j/log4j-to-slf4j/2.24.3/log4j-to-slf4j-2.24.3.jar:/Users/marcelo/.m2/repository/org/apache/logging/log4j/log4j-api/2.24.3/log4j-api-2.24.3.jar:/Users/marcelo/.m2/repository/org/slf4j/jul-to-slf4j/2.0.17/jul-to-slf4j-2.0.17.jar:/Users/marcelo/.m2/repository/jakarta/annotation/jakarta.annotation-api/2.1.1/jakarta.annotation-api-2.1.1.jar:/Users/marcelo/.m2/repository/org/yaml/snakeyaml/2.3/snakeyaml-2.3.jar:/Users/marcelo/.m2/repository/com/zaxxer/HikariCP/5.1.0/HikariCP-5.1.0.jar:/Users/marcelo/.m2/repository/org/springframework/spring-jdbc/6.2.5/spring-jdbc-6.2.5.jar:/Users/marcelo/.m2/repository/org/springframework/spring-beans/6.2.5/spring-beans-6.2.5.jar:/Users/marcelo/.m2/repository/org/springframework/boot/spring-boot-starter-test/3.4.4/spring-boot-starter-test-3.4.4.jar:/Users/marcelo/.m2/repository/org/springframework/boot/spring-boot-test/3.4.4/spring-boot-test-3.4.4.jar:/Users/marcelo/.m2/repository/org/springframework/boot/spring-boot-test-autoconfigure/3.4.4/spring-boot-test-autoconfigure-3.4.4.jar:/Users/marcelo/.m2/repository/com/jayway/jsonpath/json-path/2.9.0/json-path-2.9.0.jar:/Users/marcelo/.m2/repository/jakarta/xml/bind/jakarta.xml.bind-api/4.0.2/jakarta.xml.bind-api-4.0.2.jar:/Users/marcelo/.m2/repository/jakarta/activation/jakarta.activation-api/2.1.3/jakarta.activation-api-2.1.3.jar:/Users/marcelo/.m2/repository/net/minidev/json-smart/2.5.2/json-smart-2.5.2.jar:/Users/marcelo/.m2/repository/net/minidev/accessors-smart/2.5.2/accessors-smart-2.5.2.jar:/Users/marcelo/.m2/repository/org/ow2/asm/asm/9.7.1/asm-9.7.1.jar:/Users/marcelo/.m2/repository/org/assertj/assertj-core/3.26.3/assertj-core-3.26.3.jar:/Users/marcelo/.m2/repository/net/bytebuddy/byte-buddy/1.15.11/byte-buddy-1.15.11.jar:/Users/marcelo/.m2/repository/org/awaitility/awaitility/4.2.2/awaitility-4.2.2.jar:/Users/marcelo/.m2/repository/org/hamcrest/hamcrest/2.2/hamcrest-2.2.jar:/Users/marcelo/.m2/repository/org/junit/jupiter/junit-jupiter/5.11.4/junit-jupiter-5.11.4.jar:/Users/marcelo/.m2/repository/org/junit/jupiter/junit-jupiter-api/5.11.4/junit-jupiter-api-5.11.4.jar:/Users/marcelo/.m2/repository/org/opentest4j/opentest4j/1.3.0/opentest4j-1.3.0.jar:/Users/marcelo/.m2/repository/org/junit/platform/junit-platform-commons/1.11.4/junit-platform-commons-1.11.4.jar:/Users/marcelo/.m2/repository/org/junit/jupiter/junit-jupiter-params/5.11.4/junit-jupiter-params-5.11.4.jar:/Users/marcelo/.m2/repository/org/junit/jupiter/junit-jupiter-engine/5.11.4/junit-jupiter-engine-5.11.4.jar:/Users/marcelo/.m2/repository/org/mockito/mockito-core/5.14.2/mockito-core-5.14.2.jar:/Users/marcelo/.m2/repository/net/bytebuddy/byte-buddy-agent/1.15.11/byte-buddy-agent-1.15.11.jar:/Users/marcelo/.m2/repository/org/objenesis/objenesis/3.3/objenesis-3.3.jar:/Users/marcelo/.m2/repository/org/mockito/mockito-junit-jupiter/5.14.2/mockito-junit-jupiter-5.14.2.jar:/Users/marcelo/.m2/repository/org/skyscreamer/jsonassert/1.5.3/jsonassert-1.5.3.jar:/Users/marcelo/.m2/repository/com/vaadin/external/google/android-json/0.0.20131108.vaadin1/android-json-0.0.20131108.vaadin1.jar:/Users/marcelo/.m2/repository/org/springframework/spring-core/6.2.5/spring-core-6.2.5.jar:/Users/marcelo/.m2/repository/org/springframework/spring-jcl/6.2.5/spring-jcl-6.2.5.jar:/Users/marcelo/.m2/repository/org/springframework/spring-test/6.2.5/spring-test-6.2.5.jar:/Users/marcelo/.m2/repository/org/xmlunit/xmlunit-core/2.10.0/xmlunit-core-2.10.0.jar:/Users/marcelo/.m2/repository/org/camunda/bpm/springboot/camunda-bpm-spring-boot-starter-test/7.23.0/camunda-bpm-spring-boot-starter-test-7.23.0.jar:/Users/marcelo/.m2/repository/org/junit/vintage/junit-vintage-engine/5.11.4/junit-vintage-engine-5.11.4.jar:/Users/marcelo/.m2/repository/org/junit/platform/junit-platform-engine/1.11.4/junit-platform-engine-1.11.4.jar:/Users/marcelo/.m2/repository/junit/junit/4.13.2/junit-4.13.2.jar:/Users/marcelo/.m2/repository/org/apiguardian/apiguardian-api/1.1.2/apiguardian-api-1.1.2.jar:/Users/marcelo/.m2/repository/org/camunda/bpm/camunda-bpm-assert/7.23.0/camunda-bpm-assert-7.23.0.jar:"/>
    <property name="java.vm.vendor" value="Eclipse Adoptium"/>
    <property name="sun.arch.data.model" value="64"/>
    <property name="java.vendor.url" value="https://adoptium.net/"/>
    <property name="user.timezone" value="America/Sao_Paulo"/>
    <property name="os.name" value="Mac OS X"/>
    <property name="java.vm.specification.version" value="21"/>
    <property name="user.country" value="BR"/>
    <property name="sun.java.launcher" value="SUN_STANDARD"/>
    <property name="sun.boot.library.path" value="/Users/marcelo/Library/Java/JavaVirtualMachines/temurin-21.0.8/Contents/Home/lib"/>
    <property name="sun.java.command" value="/Users/marcelo/eclipse-workspace/workflow/target/surefire/surefirebooter-20250827224538079_3.jar /Users/marcelo/eclipse-workspace/workflow/target/surefire 2025-08-27T22-45-37_982-jvmRun1 surefire-20250827224538079_1tmp surefire_0-20250827224538079_2tmp"/>
    <property name="http.nonProxyHosts" value="local|*.local|169.254/16|*.169.254/16"/>
    <property name="jdk.debug" value="release"/>
    <property name="surefire.test.class.path" value="/Users/marcelo/eclipse-workspace/workflow/target/test-classes:/Users/marcelo/eclipse-workspace/workflow/target/classes:/Users/marcelo/.m2/repository/org/camunda/bpm/springboot/camunda-bpm-spring-boot-starter-rest/7.23.0/camunda-bpm-spring-boot-starter-rest-7.23.0.jar:/Users/marcelo/.m2/repository/org/camunda/bpm/springboot/camunda-bpm-spring-boot-starter/7.23.0/camunda-bpm-spring-boot-starter-7.23.0.jar:/Users/marcelo/.m2/repository/org/camunda/bpm/camunda-engine-spring-6/7.23.0/camunda-engine-spring-6-7.23.0.jar:/Users/marcelo/.m2/repository/org/camunda/bpm/camunda-engine/7.23.0/camunda-engine-7.23.0.jar:/Users/marcelo/.m2/repository/org/camunda/bpm/model/camunda-bpmn-model/7.23.0/camunda-bpmn-model-7.23.0.jar:/Users/marcelo/.m2/repository/org/camunda/bpm/model/camunda-xml-model/7.23.0/camunda-xml-model-7.23.0.jar:/Users/marcelo/.m2/repository/org/camunda/bpm/model/camunda-cmmn-model/7.23.0/camunda-cmmn-model-7.23.0.jar:/Users/marcelo/.m2/repository/org/camunda/bpm/juel/camunda-juel/7.23.0/camunda-juel-7.23.0.jar:/Users/marcelo/.m2/repository/org/camunda/bpm/dmn/camunda-engine-dmn/7.23.0/camunda-engine-dmn-7.23.0.jar:/Users/marcelo/.m2/repository/org/camunda/bpm/model/camunda-dmn-model/7.23.0/camunda-dmn-model-7.23.0.jar:/Users/marcelo/.m2/repository/org/camunda/bpm/dmn/camunda-engine-feel-api/7.23.0/camunda-engine-feel-api-7.23.0.jar:/Users/marcelo/.m2/repository/org/camunda/bpm/dmn/camunda-engine-feel-juel/7.23.0/camunda-engine-feel-juel-7.23.0.jar:/Users/marcelo/.m2/repository/org/camunda/bpm/dmn/camunda-engine-feel-scala/7.23.0/camunda-engine-feel-scala-7.23.0.jar:/Users/marcelo/.m2/repository/org/camunda/feel/feel-engine/1.19.1/feel-engine-1.19.1-scala-shaded.jar:/Users/marcelo/.m2/repository/org/camunda/commons/camunda-commons-typed-values/7.23.0/camunda-commons-typed-values-7.23.0.jar:/Users/marcelo/.m2/repository/org/mybatis/mybatis/3.5.15/mybatis-3.5.15.jar:/Users/marcelo/.m2/repository/joda-time/joda-time/2.12.5/joda-time-2.12.5.jar:/Users/marcelo/.m2/repository/org/springframework/spring-context/6.2.5/spring-context-6.2.5.jar:/Users/marcelo/.m2/repository/org/springframework/spring-aop/6.2.5/spring-aop-6.2.5.jar:/Users/marcelo/.m2/repository/org/springframework/spring-expression/6.2.5/spring-expression-6.2.5.jar:/Users/marcelo/.m2/repository/io/micrometer/micrometer-observation/1.14.5/micrometer-observation-1.14.5.jar:/Users/marcelo/.m2/repository/io/micrometer/micrometer-commons/1.14.5/micrometer-commons-1.14.5.jar:/Users/marcelo/.m2/repository/org/springframework/spring-tx/6.2.5/spring-tx-6.2.5.jar:/Users/marcelo/.m2/repository/org/springframework/spring-orm/6.2.5/spring-orm-6.2.5.jar:/Users/marcelo/.m2/repository/org/springframework/boot/spring-boot-autoconfigure/3.4.4/spring-boot-autoconfigure-3.4.4.jar:/Users/marcelo/.m2/repository/org/apache/commons/commons-lang3/3.17.0/commons-lang3-3.17.0.jar:/Users/marcelo/.m2/repository/com/fasterxml/uuid/java-uuid-generator/4.3.0/java-uuid-generator-4.3.0.jar:/Users/marcelo/.m2/repository/com/sun/xml/bind/jaxb-impl/4.0.5/jaxb-impl-4.0.5.jar:/Users/marcelo/.m2/repository/com/sun/xml/bind/jaxb-core/4.0.5/jaxb-core-4.0.5.jar:/Users/marcelo/.m2/repository/org/eclipse/angus/angus-activation/2.0.2/angus-activation-2.0.2.jar:/Users/marcelo/.m2/repository/org/camunda/bpm/camunda-engine-rest-core-jakarta/7.23.0/camunda-engine-rest-core-jakarta-7.23.0.jar:/Users/marcelo/.m2/repository/commons-fileupload/commons-fileupload/1.5/commons-fileupload-1.5.jar:/Users/marcelo/.m2/repository/commons-io/commons-io/2.17.0/commons-io-2.17.0.jar:/Users/marcelo/.m2/repository/com/fasterxml/jackson/jakarta/rs/jackson-jakarta-rs-json-provider/2.18.3/jackson-jakarta-rs-json-provider-2.18.3.jar:/Users/marcelo/.m2/repository/com/fasterxml/jackson/jakarta/rs/jackson-jakarta-rs-base/2.18.3/jackson-jakarta-rs-base-2.18.3.jar:/Users/marcelo/.m2/repository/com/fasterxml/jackson/module/jackson-module-jakarta-xmlbind-annotations/2.18.3/jackson-module-jakarta-xmlbind-annotations-2.18.3.jar:/Users/marcelo/.m2/repository/com/fasterxml/jackson/core/jackson-databind/2.18.3/jackson-databind-2.18.3.jar:/Users/marcelo/.m2/repository/com/fasterxml/jackson/core/jackson-annotations/2.18.3/jackson-annotations-2.18.3.jar:/Users/marcelo/.m2/repository/com/fasterxml/jackson/core/jackson-core/2.18.3/jackson-core-2.18.3.jar:/Users/marcelo/.m2/repository/com/fasterxml/jackson/datatype/jackson-datatype-jsr310/2.18.3/jackson-datatype-jsr310-2.18.3.jar:/Users/marcelo/.m2/repository/org/springframework/boot/spring-boot-starter-jersey/3.4.4/spring-boot-starter-jersey-3.4.4.jar:/Users/marcelo/.m2/repository/org/springframework/boot/spring-boot-starter-json/3.4.4/spring-boot-starter-json-3.4.4.jar:/Users/marcelo/.m2/repository/com/fasterxml/jackson/datatype/jackson-datatype-jdk8/2.18.3/jackson-datatype-jdk8-2.18.3.jar:/Users/marcelo/.m2/repository/com/fasterxml/jackson/module/jackson-module-parameter-names/2.18.3/jackson-module-parameter-names-2.18.3.jar:/Users/marcelo/.m2/repository/org/springframework/boot/spring-boot-starter-tomcat/3.4.4/spring-boot-starter-tomcat-3.4.4.jar:/Users/marcelo/.m2/repository/org/apache/tomcat/embed/tomcat-embed-core/10.1.39/tomcat-embed-core-10.1.39.jar:/Users/marcelo/.m2/repository/org/apache/tomcat/embed/tomcat-embed-el/10.1.39/tomcat-embed-el-10.1.39.jar:/Users/marcelo/.m2/repository/org/apache/tomcat/embed/tomcat-embed-websocket/10.1.39/tomcat-embed-websocket-10.1.39.jar:/Users/marcelo/.m2/repository/org/springframework/boot/spring-boot-starter-validation/3.4.4/spring-boot-starter-validation-3.4.4.jar:/Users/marcelo/.m2/repository/org/hibernate/validator/hibernate-validator/8.0.2.Final/hibernate-validator-8.0.2.Final.jar:/Users/marcelo/.m2/repository/com/fasterxml/classmate/1.7.0/classmate-1.7.0.jar:/Users/marcelo/.m2/repository/org/springframework/spring-web/6.2.5/spring-web-6.2.5.jar:/Users/marcelo/.m2/repository/org/glassfish/jersey/containers/jersey-container-servlet-core/3.1.10/jersey-container-servlet-core-3.1.10.jar:/Users/marcelo/.m2/repository/jakarta/inject/jakarta.inject-api/2.0.1/jakarta.inject-api-2.0.1.jar:/Users/marcelo/.m2/repository/org/glassfish/jersey/core/jersey-common/3.1.10/jersey-common-3.1.10.jar:/Users/marcelo/.m2/repository/org/glassfish/hk2/osgi-resource-locator/1.0.3/osgi-resource-locator-1.0.3.jar:/Users/marcelo/.m2/repository/jakarta/ws/rs/jakarta.ws.rs-api/3.1.0/jakarta.ws.rs-api-3.1.0.jar:/Users/marcelo/.m2/repository/org/glassfish/jersey/containers/jersey-container-servlet/3.1.10/jersey-container-servlet-3.1.10.jar:/Users/marcelo/.m2/repository/org/glassfish/jersey/core/jersey-server/3.1.10/jersey-server-3.1.10.jar:/Users/marcelo/.m2/repository/org/glassfish/jersey/core/jersey-client/3.1.10/jersey-client-3.1.10.jar:/Users/marcelo/.m2/repository/jakarta/validation/jakarta.validation-api/3.0.2/jakarta.validation-api-3.0.2.jar:/Users/marcelo/.m2/repository/org/glassfish/jersey/ext/jersey-bean-validation/3.1.10/jersey-bean-validation-3.1.10.jar:/Users/marcelo/.m2/repository/org/jboss/logging/jboss-logging/3.6.1.Final/jboss-logging-3.6.1.Final.jar:/Users/marcelo/.m2/repository/org/glassfish/expressly/expressly/5.0.0/expressly-5.0.0.jar:/Users/marcelo/.m2/repository/org/glassfish/jersey/ext/jersey-spring6/3.1.10/jersey-spring6-3.1.10.jar:/Users/marcelo/.m2/repository/org/glassfish/jersey/inject/jersey-hk2/3.1.10/jersey-hk2-3.1.10.jar:/Users/marcelo/.m2/repository/org/glassfish/hk2/hk2-locator/3.0.6/hk2-locator-3.0.6.jar:/Users/marcelo/.m2/repository/org/glassfish/hk2/external/aopalliance-repackaged/3.0.6/aopalliance-repackaged-3.0.6.jar:/Users/marcelo/.m2/repository/org/javassist/javassist/3.30.2-GA/javassist-3.30.2-GA.jar:/Users/marcelo/.m2/repository/org/glassfish/hk2/hk2/3.0.6/hk2-3.0.6.jar:/Users/marcelo/.m2/repository/org/glassfish/hk2/hk2-utils/3.0.6/hk2-utils-3.0.6.jar:/Users/marcelo/.m2/repository/org/glassfish/hk2/hk2-api/3.0.6/hk2-api-3.0.6.jar:/Users/marcelo/.m2/repository/org/glassfish/hk2/hk2-core/3.0.6/hk2-core-3.0.6.jar:/Users/marcelo/.m2/repository/org/glassfish/hk2/hk2-runlevel/3.0.6/hk2-runlevel-3.0.6.jar:/Users/marcelo/.m2/repository/org/glassfish/hk2/class-model/3.0.6/class-model-3.0.6.jar:/Users/marcelo/.m2/repository/org/ow2/asm/asm-commons/9.6/asm-commons-9.6.jar:/Users/marcelo/.m2/repository/org/glassfish/hk2/spring-bridge/3.0.6/spring-bridge-3.0.6.jar:/Users/marcelo/.m2/repository/org/glassfish/jersey/media/jersey-media-json-jackson/3.1.10/jersey-media-json-jackson-3.1.10.jar:/Users/marcelo/.m2/repository/org/glassfish/jersey/ext/jersey-entity-filtering/3.1.10/jersey-entity-filtering-3.1.10.jar:/Users/marcelo/.m2/repository/org/camunda/bpm/springboot/camunda-bpm-spring-boot-starter-webapp/7.23.0/camunda-bpm-spring-boot-starter-webapp-7.23.0.jar:/Users/marcelo/.m2/repository/org/camunda/bpm/springboot/camunda-bpm-spring-boot-starter-webapp-core/7.23.0/camunda-bpm-spring-boot-starter-webapp-core-7.23.0.jar:/Users/marcelo/.m2/repository/org/camunda/bpm/webapp/camunda-webapp-jakarta/7.23.0/camunda-webapp-jakarta-7.23.0-classes.jar:/Users/marcelo/.m2/repository/org/springframework/boot/spring-boot-starter-web/3.4.4/spring-boot-starter-web-3.4.4.jar:/Users/marcelo/.m2/repository/org/springframework/spring-webmvc/6.2.5/spring-webmvc-6.2.5.jar:/Users/marcelo/.m2/repository/org/camunda/bpm/webapp/camunda-webapp-webjar/7.23.0/camunda-webapp-webjar-7.23.0.jar:/Users/marcelo/.m2/repository/org/camunda/bpm/camunda-engine-plugin-spin/7.23.0/camunda-engine-plugin-spin-7.23.0.jar:/Users/marcelo/.m2/repository/org/camunda/spin/camunda-spin-core/7.23.0/camunda-spin-core-7.23.0.jar:/Users/marcelo/.m2/repository/org/camunda/spin/camunda-spin-dataformat-all/7.23.0/camunda-spin-dataformat-all-7.23.0.jar:/Users/marcelo/.m2/repository/org/camunda/commons/camunda-commons-logging/7.23.0/camunda-commons-logging-7.23.0.jar:/Users/marcelo/.m2/repository/org/slf4j/slf4j-api/2.0.17/slf4j-api-2.0.17.jar:/Users/marcelo/.m2/repository/org/camunda/commons/camunda-commons-utils/7.23.0/camunda-commons-utils-7.23.0.jar:/Users/marcelo/.m2/repository/com/h2database/h2/2.3.232/h2-2.3.232.jar:/Users/marcelo/.m2/repository/org/springframework/boot/spring-boot-starter-jdbc/3.4.4/spring-boot-starter-jdbc-3.4.4.jar:/Users/marcelo/.m2/repository/org/springframework/boot/spring-boot-starter/3.4.4/spring-boot-starter-3.4.4.jar:/Users/marcelo/.m2/repository/org/springframework/boot/spring-boot/3.4.4/spring-boot-3.4.4.jar:/Users/marcelo/.m2/repository/org/springframework/boot/spring-boot-starter-logging/3.4.4/spring-boot-starter-logging-3.4.4.jar:/Users/marcelo/.m2/repository/ch/qos/logback/logback-classic/1.5.18/logback-classic-1.5.18.jar:/Users/marcelo/.m2/repository/ch/qos/logback/logback-core/1.5.18/logback-core-1.5.18.jar:/Users/marcelo/.m2/repository/org/apache/logging/log4j/log4j-to-slf4j/2.24.3/log4j-to-slf4j-2.24.3.jar:/Users/marcelo/.m2/repository/org/apache/logging/log4j/log4j-api/2.24.3/log4j-api-2.24.3.jar:/Users/marcelo/.m2/repository/org/slf4j/jul-to-slf4j/2.0.17/jul-to-slf4j-2.0.17.jar:/Users/marcelo/.m2/repository/jakarta/annotation/jakarta.annotation-api/2.1.1/jakarta.annotation-api-2.1.1.jar:/Users/marcelo/.m2/repository/org/yaml/snakeyaml/2.3/snakeyaml-2.3.jar:/Users/marcelo/.m2/repository/com/zaxxer/HikariCP/5.1.0/HikariCP-5.1.0.jar:/Users/marcelo/.m2/repository/org/springframework/spring-jdbc/6.2.5/spring-jdbc-6.2.5.jar:/Users/marcelo/.m2/repository/org/springframework/spring-beans/6.2.5/spring-beans-6.2.5.jar:/Users/marcelo/.m2/repository/org/springframework/boot/spring-boot-starter-test/3.4.4/spring-boot-starter-test-3.4.4.jar:/Users/marcelo/.m2/repository/org/springframework/boot/spring-boot-test/3.4.4/spring-boot-test-3.4.4.jar:/Users/marcelo/.m2/repository/org/springframework/boot/spring-boot-test-autoconfigure/3.4.4/spring-boot-test-autoconfigure-3.4.4.jar:/Users/marcelo/.m2/repository/com/jayway/jsonpath/json-path/2.9.0/json-path-2.9.0.jar:/Users/marcelo/.m2/repository/jakarta/xml/bind/jakarta.xml.bind-api/4.0.2/jakarta.xml.bind-api-4.0.2.jar:/Users/marcelo/.m2/repository/jakarta/activation/jakarta.activation-api/2.1.3/jakarta.activation-api-2.1.3.jar:/Users/marcelo/.m2/repository/net/minidev/json-smart/2.5.2/json-smart-2.5.2.jar:/Users/marcelo/.m2/repository/net/minidev/accessors-smart/2.5.2/accessors-smart-2.5.2.jar:/Users/marcelo/.m2/repository/org/ow2/asm/asm/9.7.1/asm-9.7.1.jar:/Users/marcelo/.m2/repository/org/assertj/assertj-core/3.26.3/assertj-core-3.26.3.jar:/Users/marcelo/.m2/repository/net/bytebuddy/byte-buddy/1.15.11/byte-buddy-1.15.11.jar:/Users/marcelo/.m2/repository/org/awaitility/awaitility/4.2.2/awaitility-4.2.2.jar:/Users/marcelo/.m2/repository/org/hamcrest/hamcrest/2.2/hamcrest-2.2.jar:/Users/marcelo/.m2/repository/org/junit/jupiter/junit-jupiter/5.11.4/junit-jupiter-5.11.4.jar:/Users/marcelo/.m2/repository/org/junit/jupiter/junit-jupiter-api/5.11.4/junit-jupiter-api-5.11.4.jar:/Users/marcelo/.m2/repository/org/opentest4j/opentest4j/1.3.0/opentest4j-1.3.0.jar:/Users/marcelo/.m2/repository/org/junit/platform/junit-platform-commons/1.11.4/junit-platform-commons-1.11.4.jar:/Users/marcelo/.m2/repository/org/junit/jupiter/junit-jupiter-params/5.11.4/junit-jupiter-params-5.11.4.jar:/Users/marcelo/.m2/repository/org/junit/jupiter/junit-jupiter-engine/5.11.4/junit-jupiter-engine-5.11.4.jar:/Users/marcelo/.m2/repository/org/mockito/mockito-core/5.14.2/mockito-core-5.14.2.jar:/Users/marcelo/.m2/repository/net/bytebuddy/byte-buddy-agent/1.15.11/byte-buddy-agent-1.15.11.jar:/Users/marcelo/.m2/repository/org/objenesis/objenesis/3.3/objenesis-3.3.jar:/Users/marcelo/.m2/repository/org/mockito/mockito-junit-jupiter/5.14.2/mockito-junit-jupiter-5.14.2.jar:/Users/marcelo/.m2/repository/org/skyscreamer/jsonassert/1.5.3/jsonassert-1.5.3.jar:/Users/marcelo/.m2/repository/com/vaadin/external/google/android-json/0.0.20131108.vaadin1/android-json-0.0.20131108.vaadin1.jar:/Users/marcelo/.m2/repository/org/springframework/spring-core/6.2.5/spring-core-6.2.5.jar:/Users/marcelo/.m2/repository/org/springframework/spring-jcl/6.2.5/spring-jcl-6.2.5.jar:/Users/marcelo/.m2/repository/org/springframework/spring-test/6.2.5/spring-test-6.2.5.jar:/Users/marcelo/.m2/repository/org/xmlunit/xmlunit-core/2.10.0/xmlunit-core-2.10.0.jar:/Users/marcelo/.m2/repository/org/camunda/bpm/springboot/camunda-bpm-spring-boot-starter-test/7.23.0/camunda-bpm-spring-boot-starter-test-7.23.0.jar:/Users/marcelo/.m2/repository/org/junit/vintage/junit-vintage-engine/5.11.4/junit-vintage-engine-5.11.4.jar:/Users/marcelo/.m2/repository/org/junit/platform/junit-platform-engine/1.11.4/junit-platform-engine-1.11.4.jar:/Users/marcelo/.m2/repository/junit/junit/4.13.2/junit-4.13.2.jar:/Users/marcelo/.m2/repository/org/apiguardian/apiguardian-api/1.1.2/apiguardian-api-1.1.2.jar:/Users/marcelo/.m2/repository/org/camunda/bpm/camunda-bpm-assert/7.23.0/camunda-bpm-assert-7.23.0.jar:"/>
    <property name="sun.cpu.endian" value="little"/>
    <property name="user.home" value="/Users/marcelo"/>
    <property name="user.language" value="en"/>
    <property name="java.specification.vendor" value="Oracle Corporation"/>
    <property name="java.version.date" value="2025-07-15"/>
    <property name="java.home" value="/Users/marcelo/Library/Java/JavaVirtualMachines/temurin-21.0.8/Contents/Home"/>
    <property name="file.separator" value="/"/>
    <property name="basedir" value="/Users/marcelo/eclipse-workspace/workflow"/>
    <property name="style.color" value="always"/>
    <property name="java.vm.compressedOopsMode" value="Zero based"/>
    <property name="line.separator" value="&#10;"/>
    <property name="java.vm.specification.vendor" value="Oracle Corporation"/>
    <property name="java.specification.name" value="Java Platform API Specification"/>
    <property name="apple.awt.application.name" value="ForkedBooter"/>
    <property name="surefire.real.class.path" value="/Users/marcelo/eclipse-workspace/workflow/target/surefire/surefirebooter-20250827224538079_3.jar"/>
    <property name="sun.management.compiler" value="HotSpot 64-Bit Tiered Compilers"/>
    <property name="ftp.nonProxyHosts" value="local|*.local|169.254/16|*.169.254/16"/>
    <property name="java.runtime.version" value="21.0.8+9-LTS"/>
    <property name="user.name" value="marcelo"/>
    <property name="stdout.encoding" value="UTF-8"/>
    <property name="path.separator" value=":"/>
    <property name="os.version" value="15.6.1"/>
    <property name="java.runtime.name" value="OpenJDK Runtime Environment"/>
    <property name="file.encoding" value="UTF-8"/>
    <property name="java.vm.name" value="OpenJDK 64-Bit Server VM"/>
    <property name="java.vendor.version" value="Temurin-21.0.8+9"/>
    <property name="maven.ext.class.path" value="/Applications/IntelliJ IDEA.app/Contents/plugins/maven/lib/maven-event-listener.jar"/>
    <property name="localRepository" value="/Users/marcelo/.m2/repository"/>
    <property name="java.vendor.url.bug" value="https://github.com/adoptium/adoptium-support/issues"/>
    <property name="java.io.tmpdir" value="/var/folders/04/qyd8wrd97qsd5w1rpqy1sw5c0000gn/T/"/>
    <property name="idea.version" value="2025.2"/>
    <property name="java.version" value="21.0.8"/>
    <property name="user.dir" value="/Users/marcelo/eclipse-workspace/workflow"/>
    <property name="os.arch" value="x86_64"/>
    <property name="jansi.passthrough" value="true"/>
    <property name="java.vm.specification.name" value="Java Virtual Machine Specification"/>
    <property name="native.encoding" value="UTF-8"/>
    <property name="java.library.path" value="/Users/marcelo/Library/Java/Extensions:/Library/Java/Extensions:/Network/Library/Java/Extensions:/System/Library/Java/Extensions:/usr/lib/java:."/>
    <property name="java.vm.info" value="mixed mode"/>
    <property name="stderr.encoding" value="UTF-8"/>
    <property name="java.vendor" value="Eclipse Adoptium"/>
    <property name="java.vm.version" value="21.0.8+9-LTS"/>
    <property name="sun.io.unicode.encoding" value="UnicodeBig"/>
    <property name="socksNonProxyHosts" value="local|*.local|169.254/16|*.169.254/16"/>
    <property name="java.class.version" value="65.0"/>
  </properties>
  <testcase name="testExecute_ComSolicitanteValido" classname="com.esfera.camunda.delegates.NotificarClientePontosInvalidosTest" time="0.967">
    <system-out><![CDATA[João Silva infelizmente seus Pontos estão invalidos!!!
]]></system-out>
    <system-err><![CDATA[Mockito is currently self-attaching to enable the inline-mock-maker. This will no longer work in future releases of the JDK. Please add Mockito as an agent to your build what is described in Mockito's documentation: https://javadoc.io/doc/org.mockito/mockito-core/latest/org/mockito/Mockito.html#0.3
WARNING: A Java agent has been loaded dynamically (/Users/marcelo/.m2/repository/net/bytebuddy/byte-buddy-agent/1.15.11/byte-buddy-agent-1.15.11.jar)
WARNING: If a serviceability tool is in use, please run with -XX:+EnableDynamicAgentLoading to hide this warning
WARNING: If a serviceability tool is not in use, please run with -Djdk.instrument.traceUsage for more information
WARNING: Dynamic loading of agents will be disallowed by default in a future release
]]></system-err>
  </testcase>
  <testcase name="testExecute_ComSolicitanteVazio" classname="com.esfera.camunda.delegates.NotificarClientePontosInvalidosTest" time="0.004">
    <system-out><![CDATA[ infelizmente seus Pontos estão invalidos!!!
]]></system-out>
  </testcase>
  <testcase name="testExecute_ComCaracteresEspeciais" classname="com.esfera.camunda.delegates.NotificarClientePontosInvalidosTest" time="0.003">
    <system-out><![CDATA[João da Silva & Cia infelizmente seus Pontos estão invalidos!!!
]]></system-out>
  </testcase>
  <testcase name="testExecute_ComNomeCompletoSolicitante" classname="com.esfera.camunda.delegates.NotificarClientePontosInvalidosTest" time="0.003">
    <system-out><![CDATA[Maria dos Santos Silva infelizmente seus Pontos estão invalidos!!!
]]></system-out>
  </testcase>
  <testcase name="testExecute_VerificaChamadaUnicaGetVariable" classname="com.esfera.camunda.delegates.NotificarClientePontosInvalidosTest" time="0.004">
    <system-out><![CDATA[Pedro Costa infelizmente seus Pontos estão invalidos!!!
]]></system-out>
  </testcase>
  <testcase name="testExecute_ComSolicitanteNull" classname="com.esfera.camunda.delegates.NotificarClientePontosInvalidosTest" time="0.002">
    <system-out><![CDATA[null infelizmente seus Pontos estão invalidos!!!
]]></system-out>
  </testcase>
</testsuite>